Determining if the pthread_create exist failed with the following output:
Change Dir: /home/user/Documents/ros_workspace/src/TerrainSimulatorPlatform/build/CMakeFiles/CMakeTmp

Run Build Command:/usr/bin/make "cmTryCompileExec574103358/fast"
/usr/bin/make -f CMakeFiles/cmTryCompileExec574103358.dir/build.make CMakeFiles/cmTryCompileExec574103358.dir/build
make[1]: Entering directory `/home/user/Documents/ros_workspace/src/TerrainSimulatorPlatform/build/CMakeFiles/CMakeTmp'
/usr/bin/cmake -E cmake_progress_report /home/user/Documents/ros_workspace/src/TerrainSimulatorPlatform/build/CMakeFiles/CMakeTmp/CMakeFiles 1
Building C object CMakeFiles/cmTryCompileExec574103358.dir/CheckSymbolExists.c.o
/usr/bin/cc    -o CMakeFiles/cmTryCompileExec574103358.dir/CheckSymbolExists.c.o   -c /home/user/Documents/ros_workspace/src/TerrainSimulatorPlatform/build/CMakeFiles/CMakeTmp/CheckSymbolExists.c
Linking C executable cmTryCompileExec574103358
/usr/bin/cmake -E cmake_link_script CMakeFiles/cmTryCompileExec574103358.dir/link.txt --verbose=1
/usr/bin/cc       CMakeFiles/cmTryCompileExec574103358.dir/CheckSymbolExists.c.o  -o cmTryCompileExec574103358 -rdynamic 
CMakeFiles/cmTryCompileExec574103358.dir/CheckSymbolExists.c.o: In function `main':
CheckSymbolExists.c:(.text+0x16): undefined reference to `pthread_create'
collect2: error: ld returned 1 exit status
make[1]: *** [cmTryCompileExec574103358] Error 1
make[1]: Leaving directory `/home/user/Documents/ros_workspace/src/TerrainSimulatorPlatform/build/CMakeFiles/CMakeTmp'
make: *** [cmTryCompileExec574103358/fast] Error 2

File /home/user/Documents/ros_workspace/src/TerrainSimulatorPlatform/build/CMakeFiles/CMakeTmp/CheckSymbolExists.c:
/* */
#include <pthread.h>

int main(int argc, char** argv)
{
  (void)argv;
#ifndef pthread_create
  return ((int*)(&pthread_create))[argc];
#else
  (void)argc;
  return 0;
#endif
}

Determining if the function pthread_create exists in the pthreads failed with the following output:
Change Dir: /home/user/Documents/ros_workspace/src/TerrainSimulatorPlatform/build/CMakeFiles/CMakeTmp

Run Build Command:/usr/bin/make "cmTryCompileExec1805506904/fast"
/usr/bin/make -f CMakeFiles/cmTryCompileExec1805506904.dir/build.make CMakeFiles/cmTryCompileExec1805506904.dir/build
make[1]: Entering directory `/home/user/Documents/ros_workspace/src/TerrainSimulatorPlatform/build/CMakeFiles/CMakeTmp'
/usr/bin/cmake -E cmake_progress_report /home/user/Documents/ros_workspace/src/TerrainSimulatorPlatform/build/CMakeFiles/CMakeTmp/CMakeFiles 1
Building C object CMakeFiles/cmTryCompileExec1805506904.dir/CheckFunctionExists.c.o
/usr/bin/cc   -DCHECK_FUNCTION_EXISTS=pthread_create   -o CMakeFiles/cmTryCompileExec1805506904.dir/CheckFunctionExists.c.o   -c /usr/share/cmake-2.8/Modules/CheckFunctionExists.c
Linking C executable cmTryCompileExec1805506904
/usr/bin/cmake -E cmake_link_script CMakeFiles/cmTryCompileExec1805506904.dir/link.txt --verbose=1
/usr/bin/cc   -DCHECK_FUNCTION_EXISTS=pthread_create    CMakeFiles/cmTryCompileExec1805506904.dir/CheckFunctionExists.c.o  -o cmTryCompileExec1805506904 -rdynamic -lpthreads 
/usr/bin/ld: cannot find -lpthreads
collect2: error: ld returned 1 exit status
make[1]: *** [cmTryCompileExec1805506904] Error 1
make[1]: Leaving directory `/home/user/Documents/ros_workspace/src/TerrainSimulatorPlatform/build/CMakeFiles/CMakeTmp'
make: *** [cmTryCompileExec1805506904/fast] Error 2


